[debug] [2018-12-23T16:13:22.407Z] ----------------------------------------------------------------------
[debug] [2018-12-23T16:13:22.409Z] Command:       C:\Program Files\nodejs\node.exe C:\Users\killk\AppData\Roaming\npm\node_modules\firebase-tools\lib\bin\firebase.js init
[debug] [2018-12-23T16:13:22.410Z] CLI Version:   6.1.2
[debug] [2018-12-23T16:13:22.410Z] Platform:      win32
[debug] [2018-12-23T16:13:22.410Z] Node Version:  v11.2.0
[debug] [2018-12-23T16:13:22.417Z] Time:          Sun Dec 23 2018 22:13:22 GMT+0600 (GMT+06:00)
[debug] [2018-12-23T16:13:22.417Z] ----------------------------------------------------------------------
[debug] 
[debug] [2018-12-23T16:13:22.433Z] > command requires scopes: ["email","openid","https://www.googleapis.com/auth/cloudplatformprojects.readonly","https://www.googleapis.com/auth/firebase","https://www.googleapis.com/auth/cloud-platform"]
[debug] [2018-12-23T16:13:22.434Z] > authorizing via signed-in user
[info] 
     ######## #### ########  ######## ########     ###     ######  ########
     ##        ##  ##     ## ##       ##     ##  ##   ##  ##       ##
     ######    ##  ########  ######   ########  #########  ######  ######
     ##        ##  ##    ##  ##       ##     ## ##     ##       ## ##
     ##       #### ##     ## ######## ########  ##     ##  ######  ########

You're about to initialize a Firebase project in this directory:

  C:\Users\killk\Desktop\GitHub\2nd\chat

Before we get started, keep in mind:

  * You are initializing in an existing Firebase project directory

